<?xml version="1.0" encoding="UTF-8"?>
<testng-results skipped="0" failed="0" ignored="0" total="1" passed="1">
  <reporter-output>
  </reporter-output>
  <suite name="testNG" duration-ms="80479" started-at="2018-07-22T07:10:39Z" finished-at="2018-07-22T07:12:00Z">
    <groups>
    </groups>
    <test name="Test" duration-ms="80479" started-at="2018-07-22T07:10:39Z" finished-at="2018-07-22T07:12:00Z">
      <class name="SeleniumTest">
        <test-method status="PASS" signature="beforeClass()[pri:0, instance:SeleniumTest@528931cf]" name="beforeClass" is-config="true" duration-ms="18" started-at="2018-07-22T07:10:39Z" finished-at="2018-07-22T07:10:39Z">
          <reporter-output>
          </reporter-output>
        </test-method> <!-- beforeClass -->
        <test-method status="PASS" signature="before()[pri:0, instance:SeleniumTest@528931cf]" name="before" is-config="true" duration-ms="1" started-at="2018-07-22T07:10:39Z" finished-at="2018-07-22T07:10:39Z">
          <reporter-output>
          </reporter-output>
        </test-method> <!-- before -->
        <test-method status="PASS" signature="assertTest()[pri:0, instance:SeleniumTest@528931cf]" name="assertTest" duration-ms="80431" started-at="2018-07-22T07:10:39Z" finished-at="2018-07-22T07:12:00Z">
          <reporter-output>
          </reporter-output>
        </test-method> <!-- assertTest -->
      </class> <!-- SeleniumTest -->
    </test> <!-- Test -->
  </suite> <!-- testNG -->
</testng-results>
